<?xml version="1.0" encoding="UTF-8"?>
<!-- Generated by org.testng.reporters.JUnitXMLReporter -->
<testsuite hostname="DBS-NOTE-228" ignored="0" name="Default test" tests="8" failures="0" timestamp="2020-05-19T00:16:55 BRT" time="22.385" errors="0">
  <testcase name="deveAlterarTema" time="2.643" classname="com.grocerycrud.com.GroceryCrudTests"/>
  <testcase name="deveAbrirAddCostumer" time="1.47" classname="com.grocerycrud.com.GroceryCrudTests"/>
  <testcase name="deveCadastrarNome" time="0.527" classname="com.grocerycrud.com.GroceryCrudTests"/>
  <testcase name="deveCadastrarContato" time="0.523" classname="com.grocerycrud.com.GroceryCrudTests"/>
  <testcase name="deveCadastrarEndereco" time="0.974" classname="com.grocerycrud.com.GroceryCrudTests"/>
  <testcase name="deveCadastrarCreditInfo" time="0.904" classname="com.grocerycrud.com.GroceryCrudTests"/>
  <testcase name="deveCadastrarComSucesso" time="1.468" classname="com.grocerycrud.com.GroceryCrudTests"/>
  <testcase name="deveDeletarCustomer" time="12.463" classname="com.grocerycrud.com.GroceryCrudTests"/>
</testsuite> <!-- Default test -->
