<?xml version="1.0" encoding="UTF-8"?>
<testng-results skipped="0" failed="0" ignored="0" total="8" passed="8">
  <reporter-output>
  </reporter-output>
  <suite name="Default suite" duration-ms="22385" started-at="2020-05-19T00:16:33 BRT" finished-at="2020-05-19T00:16:55 BRT">
    <groups>
    </groups>
    <test name="Default test" duration-ms="22385" started-at="2020-05-19T00:16:33 BRT" finished-at="2020-05-19T00:16:55 BRT">
      <class name="com.grocerycrud.com.GroceryCrudTests">
        <test-method status="PASS" signature="setup()[pri:0, instance:com.grocerycrud.com.GroceryCrudTests@7a187f14]" name="setup" is-config="true" duration-ms="10396" started-at="2020-05-19T00:16:23 BRT" finished-at="2020-05-19T00:16:33 BRT">
          <reporter-output>
          </reporter-output>
        </test-method> <!-- setup -->
        <test-method status="PASS" signature="reportSetup()[pri:0, instance:com.grocerycrud.com.GroceryCrudTests@7a187f14]" name="reportSetup" is-config="true" duration-ms="122" started-at="2020-05-19T00:16:33 BRT" finished-at="2020-05-19T00:16:33 BRT">
          <reporter-output>
          </reporter-output>
        </test-method> <!-- reportSetup -->
        <test-method status="PASS" signature="deveAlterarTema()[pri:1, instance:com.grocerycrud.com.GroceryCrudTests@7a187f14]" name="deveAlterarTema" duration-ms="2643" started-at="2020-05-19T00:16:33 BRT" finished-at="2020-05-19T00:16:36 BRT">
          <reporter-output>
          </reporter-output>
        </test-method> <!-- deveAlterarTema -->
        <test-method status="PASS" signature="getResult(org.testng.ITestResult)[pri:0, instance:com.grocerycrud.com.GroceryCrudTests@7a187f14]" name="getResult" is-config="true" duration-ms="10" started-at="2020-05-19T00:16:36 BRT" finished-at="2020-05-19T00:16:36 BRT">
          <params>
            <param index="0">
              <value>
                <![CDATA[[TestResult name=deveAlterarTema status=SUCCESS method=GroceryCrudTests.deveAlterarTema()[pri:1, instance:com.grocerycrud.com.GroceryCrudTests@7a187f14] output={null}]]]>
              </value>
            </param>
          </params>
          <reporter-output>
          </reporter-output>
        </test-method> <!-- getResult -->
        <test-method status="PASS" signature="deveAbrirAddCostumer()[pri:0, instance:com.grocerycrud.com.GroceryCrudTests@7a187f14]" name="deveAbrirAddCostumer" duration-ms="1470" started-at="2020-05-19T00:16:36 BRT" depends-on-methods="com.grocerycrud.com.GroceryCrudTests.deveAlterarTema" finished-at="2020-05-19T00:16:37 BRT">
          <reporter-output>
          </reporter-output>
        </test-method> <!-- deveAbrirAddCostumer -->
        <test-method status="PASS" signature="getResult(org.testng.ITestResult)[pri:0, instance:com.grocerycrud.com.GroceryCrudTests@7a187f14]" name="getResult" is-config="true" duration-ms="1" started-at="2020-05-19T00:16:37 BRT" finished-at="2020-05-19T00:16:37 BRT">
          <params>
            <param index="0">
              <value>
                <![CDATA[[TestResult name=deveAbrirAddCostumer status=SUCCESS method=GroceryCrudTests.deveAbrirAddCostumer()[pri:0, instance:com.grocerycrud.com.GroceryCrudTests@7a187f14] output={null}]]]>
              </value>
            </param>
          </params>
          <reporter-output>
          </reporter-output>
        </test-method> <!-- getResult -->
        <test-method status="PASS" signature="deveCadastrarNome(java.lang.String, java.lang.String)[pri:0, instance:com.grocerycrud.com.GroceryCrudTests@7a187f14]" name="deveCadastrarNome" duration-ms="527" started-at="2020-05-19T00:16:38 BRT" data-provider="Nomes" depends-on-methods="com.grocerycrud.com.GroceryCrudTests.deveAbrirAddCostumer" finished-at="2020-05-19T00:16:39 BRT">
          <params>
            <param index="0">
              <value>
                <![CDATA[Teste Stefanini]]>
              </value>
            </param>
            <param index="1">
              <value>
                <![CDATA[Teste]]>
              </value>
            </param>
          </params>
          <reporter-output>
          </reporter-output>
        </test-method> <!-- deveCadastrarNome -->
        <test-method status="PASS" signature="getResult(org.testng.ITestResult)[pri:0, instance:com.grocerycrud.com.GroceryCrudTests@7a187f14]" name="getResult" is-config="true" duration-ms="0" started-at="2020-05-19T00:16:39 BRT" finished-at="2020-05-19T00:16:39 BRT">
          <params>
            <param index="0">
              <value>
                <![CDATA[[TestResult name=deveCadastrarNome status=SUCCESS method=GroceryCrudTests.deveCadastrarNome(java.lang.String, java.lang.String)[pri:0, instance:com.grocerycrud.com.GroceryCrudTests@7a187f14] output={null}]]]>
              </value>
            </param>
          </params>
          <reporter-output>
          </reporter-output>
        </test-method> <!-- getResult -->
        <test-method status="PASS" signature="deveCadastrarContato(java.lang.String, java.lang.String)[pri:0, instance:com.grocerycrud.com.GroceryCrudTests@7a187f14]" name="deveCadastrarContato" duration-ms="523" started-at="2020-05-19T00:16:39 BRT" data-provider="Contato" depends-on-methods="com.grocerycrud.com.GroceryCrudTests.deveCadastrarNome" finished-at="2020-05-19T00:16:39 BRT">
          <params>
            <param index="0">
              <value>
                <![CDATA[Jose]]>
              </value>
            </param>
            <param index="1">
              <value>
                <![CDATA[51 9999-9999]]>
              </value>
            </param>
          </params>
          <reporter-output>
          </reporter-output>
        </test-method> <!-- deveCadastrarContato -->
        <test-method status="PASS" signature="getResult(org.testng.ITestResult)[pri:0, instance:com.grocerycrud.com.GroceryCrudTests@7a187f14]" name="getResult" is-config="true" duration-ms="0" started-at="2020-05-19T00:16:39 BRT" finished-at="2020-05-19T00:16:39 BRT">
          <params>
            <param index="0">
              <value>
                <![CDATA[[TestResult name=deveCadastrarContato status=SUCCESS method=GroceryCrudTests.deveCadastrarContato(java.lang.String, java.lang.String)[pri:0, instance:com.grocerycrud.com.GroceryCrudTests@7a187f14] output={null}]]]>
              </value>
            </param>
          </params>
          <reporter-output>
          </reporter-output>
        </test-method> <!-- getResult -->
        <test-method status="PASS" signature="deveCadastrarEndereco(java.lang.String, java.lang.String, java.lang.String, java.lang.String, java.lang.String, java.lang.String)[pri:0, instance:com.grocerycrud.com.GroceryCrudTests@7a187f14]" name="deveCadastrarEndereco" duration-ms="974" started-at="2020-05-19T00:16:39 BRT" data-provider="Endereco" depends-on-methods="com.grocerycrud.com.GroceryCrudTests.deveCadastrarContato" finished-at="2020-05-19T00:16:40 BRT">
          <params>
            <param index="0">
              <value>
                <![CDATA[Av Bento, 6681]]>
              </value>
            </param>
            <param index="1">
              <value>
                <![CDATA[Teste address]]>
              </value>
            </param>
            <param index="2">
              <value>
                <![CDATA[Porto Alegre]]>
              </value>
            </param>
            <param index="3">
              <value>
                <![CDATA[RS]]>
              </value>
            </param>
            <param index="4">
              <value>
                <![CDATA[91000-000]]>
              </value>
            </param>
            <param index="5">
              <value>
                <![CDATA[Brasil]]>
              </value>
            </param>
          </params>
          <reporter-output>
          </reporter-output>
        </test-method> <!-- deveCadastrarEndereco -->
        <test-method status="PASS" signature="getResult(org.testng.ITestResult)[pri:0, instance:com.grocerycrud.com.GroceryCrudTests@7a187f14]" name="getResult" is-config="true" duration-ms="1" started-at="2020-05-19T00:16:40 BRT" finished-at="2020-05-19T00:16:40 BRT">
          <params>
            <param index="0">
              <value>
                <![CDATA[[TestResult name=deveCadastrarEndereco status=SUCCESS method=GroceryCrudTests.deveCadastrarEndereco(java.lang.String, java.lang.String, java.lang.String, java.lang.String, java.lang.String, java.lang.String)[pri:0, instance:com.grocerycrud.com.GroceryCrudTests@7a187f14] output={null}]]]>
              </value>
            </param>
          </params>
          <reporter-output>
          </reporter-output>
        </test-method> <!-- getResult -->
        <test-method status="PASS" signature="deveCadastrarCreditInfo(java.lang.String, java.lang.String)[pri:0, instance:com.grocerycrud.com.GroceryCrudTests@7a187f14]" name="deveCadastrarCreditInfo" duration-ms="904" started-at="2020-05-19T00:16:40 BRT" data-provider="Credit" depends-on-methods="com.grocerycrud.com.GroceryCrudTests.deveCadastrarEndereco" finished-at="2020-05-19T00:16:41 BRT">
          <params>
            <param index="0">
              <value>
                <![CDATA[Fixter]]>
              </value>
            </param>
            <param index="1">
              <value>
                <![CDATA[200.0]]>
              </value>
            </param>
          </params>
          <reporter-output>
          </reporter-output>
        </test-method> <!-- deveCadastrarCreditInfo -->
        <test-method status="PASS" signature="getResult(org.testng.ITestResult)[pri:0, instance:com.grocerycrud.com.GroceryCrudTests@7a187f14]" name="getResult" is-config="true" duration-ms="0" started-at="2020-05-19T00:16:41 BRT" finished-at="2020-05-19T00:16:41 BRT">
          <params>
            <param index="0">
              <value>
                <![CDATA[[TestResult name=deveCadastrarCreditInfo status=SUCCESS method=GroceryCrudTests.deveCadastrarCreditInfo(java.lang.String, java.lang.String)[pri:0, instance:com.grocerycrud.com.GroceryCrudTests@7a187f14] output={null}]]]>
              </value>
            </param>
          </params>
          <reporter-output>
          </reporter-output>
        </test-method> <!-- getResult -->
        <test-method status="PASS" signature="deveCadastrarComSucesso(java.lang.String)[pri:0, instance:com.grocerycrud.com.GroceryCrudTests@7a187f14]" name="deveCadastrarComSucesso" duration-ms="1468" started-at="2020-05-19T00:16:41 BRT" data-provider="ExpectedText" depends-on-methods="com.grocerycrud.com.GroceryCrudTests.deveCadastrarCreditInfo" finished-at="2020-05-19T00:16:43 BRT">
          <params>
            <param index="0">
              <value>
                <![CDATA[Your data has been successfully stored into the database. Edit Customer or Go back to list]]>
              </value>
            </param>
          </params>
          <reporter-output>
          </reporter-output>
        </test-method> <!-- deveCadastrarComSucesso -->
        <test-method status="PASS" signature="getResult(org.testng.ITestResult)[pri:0, instance:com.grocerycrud.com.GroceryCrudTests@7a187f14]" name="getResult" is-config="true" duration-ms="0" started-at="2020-05-19T00:16:43 BRT" finished-at="2020-05-19T00:16:43 BRT">
          <params>
            <param index="0">
              <value>
                <![CDATA[[TestResult name=deveCadastrarComSucesso status=SUCCESS method=GroceryCrudTests.deveCadastrarComSucesso(java.lang.String)[pri:0, instance:com.grocerycrud.com.GroceryCrudTests@7a187f14] output={null}]]]>
              </value>
            </param>
          </params>
          <reporter-output>
          </reporter-output>
        </test-method> <!-- getResult -->
        <test-method status="PASS" signature="deveDeletarCustomer()[pri:0, instance:com.grocerycrud.com.GroceryCrudTests@7a187f14]" name="deveDeletarCustomer" duration-ms="12463" started-at="2020-05-19T00:16:43 BRT" depends-on-methods="com.grocerycrud.com.GroceryCrudTests.deveCadastrarComSucesso" finished-at="2020-05-19T00:16:55 BRT">
          <reporter-output>
          </reporter-output>
        </test-method> <!-- deveDeletarCustomer -->
        <test-method status="PASS" signature="getResult(org.testng.ITestResult)[pri:0, instance:com.grocerycrud.com.GroceryCrudTests@7a187f14]" name="getResult" is-config="true" duration-ms="1" started-at="2020-05-19T00:16:55 BRT" finished-at="2020-05-19T00:16:55 BRT">
          <params>
            <param index="0">
              <value>
                <![CDATA[[TestResult name=deveDeletarCustomer status=SUCCESS method=GroceryCrudTests.deveDeletarCustomer()[pri:0, instance:com.grocerycrud.com.GroceryCrudTests@7a187f14] output={null}]]]>
              </value>
            </param>
          </params>
          <reporter-output>
          </reporter-output>
        </test-method> <!-- getResult -->
        <test-method status="PASS" signature="tearDown()[pri:0, instance:com.grocerycrud.com.GroceryCrudTests@7a187f14]" name="tearDown" is-config="true" duration-ms="281" started-at="2020-05-19T00:16:55 BRT" finished-at="2020-05-19T00:16:55 BRT">
          <reporter-output>
          </reporter-output>
        </test-method> <!-- tearDown -->
        <test-method status="PASS" signature="finalizar()[pri:0, instance:com.grocerycrud.com.GroceryCrudTests@7a187f14]" name="finalizar" is-config="true" duration-ms="208" started-at="2020-05-19T00:16:55 BRT" finished-at="2020-05-19T00:16:56 BRT">
          <reporter-output>
          </reporter-output>
        </test-method> <!-- finalizar -->
      </class> <!-- com.grocerycrud.com.GroceryCrudTests -->
    </test> <!-- Default test -->
  </suite> <!-- Default suite -->
</testng-results>
